<?xml version="1.0" encoding="UTF-8"?>
<testsuite name="com.techiehub.trade.data.feeder.TradeDataFeederApplicationTests" tests="1" skipped="0" failures="0" errors="0" timestamp="2022-12-20T05:11:50" hostname="LAMU0MH719WM5Y2.uhc.com." time="0.165">
  <properties/>
  <testcase name="contextLoads()" classname="com.techiehub.trade.data.feeder.TradeDataFeederApplicationTests" time="0.165"/>
  <system-out><![CDATA[00:11:49.222 [Test worker] DEBUG org.springframework.boot.test.context.SpringBootTestContextBootstrapper - Neither @ContextConfiguration nor @ContextHierarchy found for test class [TradeDataFeederApplicationTests]: using SpringBootContextLoader
00:11:49.225 [Test worker] DEBUG org.springframework.test.context.support.AbstractContextLoader - Could not detect default resource locations for test class [com.techiehub.trade.data.feeder.TradeDataFeederApplicationTests]: no resource found for suffixes {-context.xml, Context.groovy}.
00:11:49.226 [Test worker] INFO org.springframework.test.context.support.AnnotationConfigContextLoaderUtils - Could not detect default configuration classes for test class [com.techiehub.trade.data.feeder.TradeDataFeederApplicationTests]: TradeDataFeederApplicationTests does not declare any static, non-private, non-final, nested classes annotated with @Configuration.
00:11:49.236 [Test worker] DEBUG org.springframework.boot.test.context.SpringBootTestContextBootstrapper - Using ContextCustomizers for test class [TradeDataFeederApplicationTests]: [DisableObservabilityContextCustomizer, PropertyMappingContextCustomizer, Customizer, ExcludeFilterContextCustomizer, DuplicateJsonObjectContextCustomizer, MockitoContextCustomizer, TestRestTemplateContextCustomizer]
00:11:49.270 [Test worker] DEBUG org.springframework.context.annotation.ClassPathScanningCandidateComponentProvider - Identified candidate component class: file [/Users/amerugu/Documents/cope/trade-data-feeder/build/classes/java/main/com/techiehub/trade/data/feeder/TradeDataFeederApplication.class]
00:11:49.271 [Test worker] INFO org.springframework.boot.test.context.SpringBootTestContextBootstrapper - Found @SpringBootConfiguration com.techiehub.trade.data.feeder.TradeDataFeederApplication for test class com.techiehub.trade.data.feeder.TradeDataFeederApplicationTests
00:11:49.306 [Test worker] DEBUG org.springframework.test.context.util.TestContextSpringFactoriesUtils - Skipping candidate TestExecutionListener [org.springframework.test.context.transaction.TransactionalTestExecutionListener] due to a missing dependency. Specify custom TestExecutionListener classes or make the default TestExecutionListener classes and their required dependencies available. Offending class: [org/springframework/transaction/interceptor/TransactionAttributeSource]
00:11:49.306 [Test worker] DEBUG org.springframework.test.context.util.TestContextSpringFactoriesUtils - Skipping candidate TestExecutionListener [org.springframework.test.context.jdbc.SqlScriptsTestExecutionListener] due to a missing dependency. Specify custom TestExecutionListener classes or make the default TestExecutionListener classes and their required dependencies available. Offending class: [org/springframework/transaction/interceptor/TransactionAttribute]
00:11:49.307 [Test worker] DEBUG org.springframework.boot.test.context.SpringBootTestContextBootstrapper - Using TestExecutionListeners for test class [TradeDataFeederApplicationTests]: [ServletTestExecutionListener, DirtiesContextBeforeModesTestExecutionListener, ApplicationEventsTestExecutionListener, MockitoTestExecutionListener, DependencyInjectionTestExecutionListener, DirtiesContextTestExecutionListener, EventPublishingTestExecutionListener, RestDocsTestExecutionListener, MockRestServiceServerResetTestExecutionListener, MockMvcPrintOnlyOnFailureTestExecutionListener, WebDriverTestExecutionListener, MockWebServiceServerTestExecutionListener, ResetMocksTestExecutionListener]
00:11:49.308 [Test worker] DEBUG org.springframework.test.context.support.AbstractDirtiesContextTestExecutionListener - Before test class: class [TradeDataFeederApplicationTests], class annotated with @DirtiesContext [false] with mode [null]

  .   ____          _            __ _ _
 /\\ / ___'_ __ _ _(_)_ __  __ _ \ \ \ \
( ( )\___ | '_ | '_| | '_ \/ _` | \ \ \ \
 \\/  ___)| |_)| | | | | || (_| |  ) ) ) )
  '  |____| .__|_| |_|_| |_\__, | / / / /
 =========|_|==============|___/=/_/_/_/
 :: Spring Boot ::                (v3.0.0)

2022-12-20T00:11:49.441-05:00  INFO 94426 --- [    Test worker] .t.t.d.f.TradeDataFeederApplicationTests : Starting TradeDataFeederApplicationTests using Java 17.0.5 with PID 94426 (started by amerugu in /Users/amerugu/Documents/cope/trade-data-feeder)
2022-12-20T00:11:49.442-05:00  INFO 94426 --- [    Test worker] .t.t.d.f.TradeDataFeederApplicationTests : No active profile set, falling back to 1 default profile: "default"
2022-12-20T00:11:50.137-05:00  INFO 94426 --- [    Test worker] o.s.b.a.e.web.EndpointLinksResolver      : Exposing 1 endpoint(s) beneath base path '/actuator'
2022-12-20T00:11:50.165-05:00  INFO 94426 --- [    Test worker] .t.t.d.f.TradeDataFeederApplicationTests : Started TradeDataFeederApplicationTests in 0.841 seconds (process running for 1.403)
]]></system-out>
  <system-err><![CDATA[]]></system-err>
</testsuite>
